app/manifest-merger-release-report.txt
-- Merging decision tree log ---
manifest
ADDED from AndroidManifest.xml:2:1
	xmlns:android
		ADDED from AndroidManifest.xml:2:11
	package
		ADDED from AndroidManifest.xml:3:5
		INJECTED from AndroidManifest.xml:0:0
		INJECTED from AndroidManifest.xml:0:0
	android:versionName
		INJECTED from AndroidManifest.xml:0:0
		INJECTED from AndroidManifest.xml:0:0
	android:versionCode
		INJECTED from AndroidManifest.xml:0:0
		INJECTED from AndroidManifest.xml:0:0
uses-sdk
ADDED from AndroidManifest.xml:5:5
MERGED from com.android.support:appcompat-v7:18.0.0:18:5
MERGED from com.bigkoo:pickerview:2.1.0:7:5
	android:targetSdkVersion
		INJECTED from AndroidManifest.xml:0:0
		INJECTED from AndroidManifest.xml:0:0
	android:minSdkVersion
		ADDED from AndroidManifest.xml:5:15
		INJECTED from AndroidManifest.xml:0:0
		INJECTED from AndroidManifest.xml:0:0
uses-permission#android.permission.ACCESS_FINE_LOCATION
ADDED from AndroidManifest.xml:8:5
	android:name
		ADDED from AndroidManifest.xml:8:22
uses-permission#android.permission.ACCESS_NETWORK_STATE
ADDED from AndroidManifest.xml:9:5
	android:name
		ADDED from AndroidManifest.xml:9:22
uses-permission#android.permission.ACCESS_COARSE_LOCATION
ADDED from AndroidManifest.xml:10:5
	android:name
		ADDED from AndroidManifest.xml:10:22
uses-permission#android.permission.INTERNET
ADDED from AndroidManifest.xml:11:5
	android:name
		ADDED from AndroidManifest.xml:11:22
uses-permission#com.android.launcher.permission.READ_SETTINGS
ADDED from AndroidManifest.xml:12:5
	android:name
		ADDED from AndroidManifest.xml:12:22
uses-permission#android.permission.WAKE_LOCK
ADDED from AndroidManifest.xml:13:5
	android:name
		ADDED from AndroidManifest.xml:13:22
uses-permission#android.permission.CHANGE_WIFI_STATE
ADDED from AndroidManifest.xml:14:5
	android:name
		ADDED from AndroidManifest.xml:14:22
uses-permission#android.permission.ACCESS_WIFI_STATE
ADDED from AndroidManifest.xml:15:5
	android:name
		ADDED from AndroidManifest.xml:15:22
uses-permission#android.permission.GET_TASKS
ADDED from AndroidManifest.xml:16:5
	android:name
		ADDED from AndroidManifest.xml:16:22
uses-permission#android.permission.WRITE_EXTERNAL_STORAGE
ADDED from AndroidManifest.xml:17:5
	android:name
		ADDED from AndroidManifest.xml:17:22
uses-permission#android.permission.CAMERA
ADDED from AndroidManifest.xml:18:5
	android:name
		ADDED from AndroidManifest.xml:18:22
uses-permission#android.permission.VIBRATE
ADDED from AndroidManifest.xml:19:5
	android:name
		ADDED from AndroidManifest.xml:19:22
uses-permission#android.permission.MOUNT_UNMOUNT_FILESYSTEMS
ADDED from AndroidManifest.xml:20:5
	android:name
		ADDED from AndroidManifest.xml:20:22
uses-permission#android.permission.BROADCAST_STICKY
ADDED from AndroidManifest.xml:22:5
	android:name
		ADDED from AndroidManifest.xml:22:22
uses-permission#android.permission.WRITE_SETTINGS
ADDED from AndroidManifest.xml:23:5
	android:name
		ADDED from AndroidManifest.xml:23:22
uses-permission#android.permission.PROCESS_OUTGOING_CALLS
ADDED from AndroidManifest.xml:25:5
	android:name
		ADDED from AndroidManifest.xml:25:22
uses-permission#android.permission.READ_PHONE_STATE
ADDED from AndroidManifest.xml:26:5
	android:name
		ADDED from AndroidManifest.xml:26:22
uses-permission#android.permission.MODIFY_AUDIO_SETTINGS
ADDED from AndroidManifest.xml:27:5
	android:name
		ADDED from AndroidManifest.xml:27:22
uses-permission#android.permission.RECORD_AUDIO
ADDED from AndroidManifest.xml:28:5
	android:name
		ADDED from AndroidManifest.xml:28:22
uses-permission#android.permission.MANAGE_ACCOUNTS
ADDED from AndroidManifest.xml:31:5
	android:name
		ADDED from AndroidManifest.xml:31:22
uses-permission#android.permission.GET_ACCOUNTS
ADDED from AndroidManifest.xml:32:5
	android:name
		ADDED from AndroidManifest.xml:32:22
uses-permission#android.permission.BLUETOOTH
ADDED from AndroidManifest.xml:34:5
	android:name
		ADDED from AndroidManifest.xml:34:22
uses-permission#android.permission.BLUETOOTH_ADMIN
ADDED from AndroidManifest.xml:35:5
	android:name
		ADDED from AndroidManifest.xml:35:22
uses-permission#android.permission.CHANGE_NETWORK_STATE
ADDED from AndroidManifest.xml:38:5
	android:name
		ADDED from AndroidManifest.xml:38:22
uses-permission#android.permission.CALL_PHONE
ADDED from AndroidManifest.xml:40:5
	android:name
		ADDED from AndroidManifest.xml:40:22
uses-permission#android.permission.READ_EXTERNAL_STORAGE
ADDED from AndroidManifest.xml:42:5
	android:name
		ADDED from AndroidManifest.xml:42:22
application
ADDED from AndroidManifest.xml:44:5
MERGED from com.android.support:appcompat-v7:18.0.0:19:5
	android:label
		ADDED from AndroidManifest.xml:48:9
	android:allowBackup
		ADDED from AndroidManifest.xml:46:9
	android:icon
		ADDED from AndroidManifest.xml:47:9
	android:theme
		ADDED from AndroidManifest.xml:49:9
	android:name
		ADDED from AndroidManifest.xml:45:9
meta-data#UMENG_APPKEY
ADDED from AndroidManifest.xml:52:9
	android:name
		ADDED from AndroidManifest.xml:53:13
	android:value
		ADDED from AndroidManifest.xml:54:13
meta-data#UMENG_CHANNEL
ADDED from AndroidManifest.xml:55:9
	android:name
		ADDED from AndroidManifest.xml:56:13
	android:value
		ADDED from AndroidManifest.xml:57:13
meta-data#com.baidu.lbsapi.API_KEY
ADDED from AndroidManifest.xml:58:9
	android:name
		ADDED from AndroidManifest.xml:59:13
	android:value
		ADDED from AndroidManifest.xml:60:13
service#com.baidu.location.f
ADDED from AndroidManifest.xml:62:9
	android:process
		ADDED from AndroidManifest.xml:65:13
	android:enabled
		ADDED from AndroidManifest.xml:64:13
	android:name
		ADDED from AndroidManifest.xml:63:13
intent-filter#com.baidu.location.service_v2.2
ADDED from AndroidManifest.xml:66:13
action#com.baidu.location.service_v2.2
ADDED from AndroidManifest.xml:67:17
	android:name
		ADDED from AndroidManifest.xml:67:25
activity#cn.com.fooltech.smartparking.activity.SplashActivity
ADDED from AndroidManifest.xml:71:9
	android:label
		ADDED from AndroidManifest.xml:73:13
	android:name
		ADDED from AndroidManifest.xml:72:13
intent-filter#android.intent.action.MAIN+android.intent.category.LAUNCHER
ADDED from AndroidManifest.xml:74:13
action#android.intent.action.MAIN
ADDED from AndroidManifest.xml:75:17
	android:name
		ADDED from AndroidManifest.xml:75:25
category#android.intent.category.LAUNCHER
ADDED from AndroidManifest.xml:77:17
	android:name
		ADDED from AndroidManifest.xml:77:27
activity#cn.com.fooltech.smartparking.activity.LoginActivity
ADDED from AndroidManifest.xml:80:9
	android:label
		ADDED from AndroidManifest.xml:82:13
	android:name
		ADDED from AndroidManifest.xml:81:13
activity#cn.com.fooltech.smartparking.activity.RegisterActivity
ADDED from AndroidManifest.xml:83:9
	android:label
		ADDED from AndroidManifest.xml:85:13
	android:name
		ADDED from AndroidManifest.xml:84:13
activity#cn.com.fooltech.smartparking.activity.ParkMapActivity
ADDED from AndroidManifest.xml:86:9
	android:label
		ADDED from AndroidManifest.xml:88:13
	android:name
		ADDED from AndroidManifest.xml:87:13
	android:launchMode
		ADDED from AndroidManifest.xml:89:13
activity#cn.com.fooltech.smartparking.activity.ParkDetailActivity
ADDED from AndroidManifest.xml:90:9
	android:label
		ADDED from AndroidManifest.xml:92:13
	android:name
		ADDED from AndroidManifest.xml:91:13
activity#cn.com.fooltech.smartparking.activity.ParkPriorityActivity
ADDED from AndroidManifest.xml:93:9
	android:label
		ADDED from AndroidManifest.xml:95:13
	android:name
		ADDED from AndroidManifest.xml:94:13
activity#cn.com.fooltech.smartparking.activity.IndexActivity
ADDED from AndroidManifest.xml:96:9
	android:label
		ADDED from AndroidManifest.xml:98:13
	android:name
		ADDED from AndroidManifest.xml:97:13
activity#cn.com.fooltech.smartparking.activity.IndoorActivity
ADDED from AndroidManifest.xml:99:9
	android:label
		ADDED from AndroidManifest.xml:101:13
	android:name
		ADDED from AndroidManifest.xml:100:13
activity#cn.com.fooltech.smartparking.activity.SettingActivity
ADDED from AndroidManifest.xml:102:9
	android:label
		ADDED from AndroidManifest.xml:104:13
	android:name
		ADDED from AndroidManifest.xml:103:13
activity#cn.com.fooltech.smartparking.activity.FeedbackActivity
ADDED from AndroidManifest.xml:105:9
	android:windowSoftInputMode
		ADDED from AndroidManifest.xml:108:13
	android:label
		ADDED from AndroidManifest.xml:107:13
	android:name
		ADDED from AndroidManifest.xml:106:13
activity#cn.com.fooltech.smartparking.activity.CarManageActivity
ADDED from AndroidManifest.xml:109:9
	android:label
		ADDED from AndroidManifest.xml:111:13
	android:name
		ADDED from AndroidManifest.xml:110:13
activity#cn.com.fooltech.smartparking.activity.CarAddActivity
ADDED from AndroidManifest.xml:112:9
	android:label
		ADDED from AndroidManifest.xml:114:13
	android:name
		ADDED from AndroidManifest.xml:113:13
activity#cn.com.fooltech.smartparking.activity.BaseActivity
ADDED from AndroidManifest.xml:115:9
	android:label
		ADDED from AndroidManifest.xml:117:13
	android:name
		ADDED from AndroidManifest.xml:116:13
activity#cn.com.fooltech.smartparking.activity.ResetPasswordActivity
ADDED from AndroidManifest.xml:118:9
	android:label
		ADDED from AndroidManifest.xml:120:13
	android:name
		ADDED from AndroidManifest.xml:119:13
activity#cn.com.fooltech.smartparking.activity.ResetPasswordActivity2
ADDED from AndroidManifest.xml:121:9
	android:label
		ADDED from AndroidManifest.xml:123:13
	android:name
		ADDED from AndroidManifest.xml:122:13
activity#cn.com.fooltech.smartparking.activity.UserCenterActivity
ADDED from AndroidManifest.xml:124:9
	android:label
		ADDED from AndroidManifest.xml:126:13
	android:name
		ADDED from AndroidManifest.xml:125:13
activity#cn.com.fooltech.smartparking.activity.VoucherActivity
ADDED from AndroidManifest.xml:127:9
	android:label
		ADDED from AndroidManifest.xml:129:13
	android:name
		ADDED from AndroidManifest.xml:128:13
activity#cn.com.fooltech.smartparking.activity.ChangeMobileActivity
ADDED from AndroidManifest.xml:130:9
	android:label
		ADDED from AndroidManifest.xml:132:13
	android:name
		ADDED from AndroidManifest.xml:131:13
activity#cn.com.fooltech.smartparking.activity.ChangeMobileActivity2
ADDED from AndroidManifest.xml:133:9
	android:label
		ADDED from AndroidManifest.xml:135:13
	android:name
		ADDED from AndroidManifest.xml:134:13
activity#cn.com.fooltech.smartparking.activity.ClipImageActivity
ADDED from AndroidManifest.xml:136:9
	android:name
		ADDED from AndroidManifest.xml:136:19
activity#cn.com.fooltech.smartparking.zxing.activity.CaptureActivity
ADDED from AndroidManifest.xml:137:9
	android:name
		ADDED from AndroidManifest.xml:137:19
activity#cn.com.fooltech.smartparking.activity.AccountRelatingActivity
ADDED from AndroidManifest.xml:138:9
	android:label
		ADDED from AndroidManifest.xml:140:13
	android:name
		ADDED from AndroidManifest.xml:139:13
activity#cn.com.fooltech.smartparking.activity.ActivityCenterActivity
ADDED from AndroidManifest.xml:141:9
	android:label
		ADDED from AndroidManifest.xml:143:13
	android:name
		ADDED from AndroidManifest.xml:142:13
activity#cn.com.fooltech.smartparking.activity.CarRegainActivity
ADDED from AndroidManifest.xml:144:9
	android:label
		ADDED from AndroidManifest.xml:146:13
	android:name
		ADDED from AndroidManifest.xml:145:13
activity#cn.com.fooltech.smartparking.activity.PointDetailActivity
ADDED from AndroidManifest.xml:147:9
	android:label
		ADDED from AndroidManifest.xml:149:13
	android:name
		ADDED from AndroidManifest.xml:148:13
activity#cn.com.fooltech.smartparking.activity.MessageActivity
ADDED from AndroidManifest.xml:150:9
	android:label
		ADDED from AndroidManifest.xml:152:13
	android:name
		ADDED from AndroidManifest.xml:151:13
activity#cn.com.fooltech.smartparking.activity.BookOrCollectActivity
ADDED from AndroidManifest.xml:153:9
	android:label
		ADDED from AndroidManifest.xml:155:13
	android:name
		ADDED from AndroidManifest.xml:154:13
activity#cn.com.fooltech.smartparking.activity.VoucherExchangeActivity
ADDED from AndroidManifest.xml:156:9
	android:label
		ADDED from AndroidManifest.xml:158:13
	android:name
		ADDED from AndroidManifest.xml:157:13
activity#cn.com.fooltech.smartparking.activity.RefundActivity
ADDED from AndroidManifest.xml:159:9
	android:windowSoftInputMode
		ADDED from AndroidManifest.xml:162:13
	android:label
		ADDED from AndroidManifest.xml:161:13
	android:name
		ADDED from AndroidManifest.xml:160:13
activity#cn.com.fooltech.smartparking.activity.RefundDetailActivity
ADDED from AndroidManifest.xml:163:9
	android:label
		ADDED from AndroidManifest.xml:165:13
	android:name
		ADDED from AndroidManifest.xml:164:13
activity#cn.com.fooltech.smartparking.baidumap.BNRouteGuideActivity
ADDED from AndroidManifest.xml:166:9
	android:label
		ADDED from AndroidManifest.xml:168:13
	android:name
		ADDED from AndroidManifest.xml:167:13
activity#cn.com.fooltech.smartparking.activity.RechargeActivity
ADDED from AndroidManifest.xml:169:9
	android:label
		ADDED from AndroidManifest.xml:172:13
	android:exported
		ADDED from AndroidManifest.xml:171:13
	android:name
		ADDED from AndroidManifest.xml:170:13
	android:launchMode
		ADDED from AndroidManifest.xml:173:13
intent-filter#android.intent.action.VIEW+android.intent.category.DEFAULT
ADDED from AndroidManifest.xml:174:13
action#android.intent.action.VIEW
ADDED from AndroidManifest.xml:175:17
	android:name
		ADDED from AndroidManifest.xml:175:25
category#android.intent.category.DEFAULT
ADDED from AndroidManifest.xml:177:17
	android:name
		ADDED from AndroidManifest.xml:177:27
data
ADDED from AndroidManifest.xml:179:17
	android:scheme
		ADDED from AndroidManifest.xml:179:23
activity#cn.com.fooltech.smartparking.wxapi.WXPayEntryActivity
ADDED from AndroidManifest.xml:182:9
	android:label
		ADDED from AndroidManifest.xml:185:13
	android:exported
		ADDED from AndroidManifest.xml:184:13
	android:name
		ADDED from AndroidManifest.xml:183:13
	android:launchMode
		ADDED from AndroidManifest.xml:186:13
activity#com.alipay.sdk.app.H5PayActivity
ADDED from AndroidManifest.xml:187:9
	android:screenOrientation
		ADDED from AndroidManifest.xml:191:13
	android:configChanges
		ADDED from AndroidManifest.xml:189:13
	android:exported
		ADDED from AndroidManifest.xml:190:13
	android:name
		ADDED from AndroidManifest.xml:188:13
activity#com.alipay.sdk.auth.AuthActivity
ADDED from AndroidManifest.xml:192:9
	android:screenOrientation
		ADDED from AndroidManifest.xml:196:13
	android:configChanges
		ADDED from AndroidManifest.xml:194:13
	android:exported
		ADDED from AndroidManifest.xml:195:13
	android:name
		ADDED from AndroidManifest.xml:193:13
activity#cn.com.fooltech.smartparking.activity.RechargeDetailActivity
ADDED from AndroidManifest.xml:197:9
	android:label
		ADDED from AndroidManifest.xml:199:13
	android:name
		ADDED from AndroidManifest.xml:198:13
activity#com.mob.tools.MobUIShell
ADDED from AndroidManifest.xml:200:9
	android:windowSoftInputMode
		ADDED from AndroidManifest.xml:205:13
	android:screenOrientation
		ADDED from AndroidManifest.xml:203:13
	android:configChanges
		ADDED from AndroidManifest.xml:202:13
	android:theme
		ADDED from AndroidManifest.xml:204:13
	android:name
		ADDED from AndroidManifest.xml:201:13
intent-filter#android.intent.action.VIEW+android.intent.category.BROWSABLE+android.intent.category.DEFAULT
ADDED from AndroidManifest.xml:208:13
category#android.intent.category.BROWSABLE
ADDED from AndroidManifest.xml:213:17
	android:name
		ADDED from AndroidManifest.xml:213:27
intent-filter#android.intent.category.DEFAULT+com.sina.weibo.sdk.action.ACTION_SDK_REQ_ACTIVITY
ADDED from AndroidManifest.xml:218:13
action#com.sina.weibo.sdk.action.ACTION_SDK_REQ_ACTIVITY
ADDED from AndroidManifest.xml:219:17
	android:name
		ADDED from AndroidManifest.xml:219:25
activity#cn.com.fooltech.smartparking.wxapi.WXEntryActivity
ADDED from AndroidManifest.xml:225:9
	android:screenOrientation
		ADDED from AndroidManifest.xml:229:13
	android:configChanges
		ADDED from AndroidManifest.xml:227:13
	android:theme
		ADDED from AndroidManifest.xml:230:13
	android:exported
		ADDED from AndroidManifest.xml:228:13
	android:name
		ADDED from AndroidManifest.xml:226:13
activity#cn.com.fooltech.smartparking.activity.ScanPayActivity
ADDED from AndroidManifest.xml:231:9
	android:label
		ADDED from AndroidManifest.xml:233:13
	android:name
		ADDED from AndroidManifest.xml:232:13
activity#cn.com.fooltech.smartparking.activity.GuideActivity
ADDED from AndroidManifest.xml:234:9
	android:label
		ADDED from AndroidManifest.xml:236:13
	android:name
		ADDED from AndroidManifest.xml:235:13
activity#cn.com.fooltech.smartparking.activity.AboutActivity
ADDED from AndroidManifest.xml:237:9
	android:label
		ADDED from AndroidManifest.xml:239:13
	android:name
		ADDED from AndroidManifest.xml:238:13
activity#cn.com.fooltech.smartparking.activity.BillDetailActivity
ADDED from AndroidManifest.xml:240:9
	android:label
		ADDED from AndroidManifest.xml:242:13
	android:name
		ADDED from AndroidManifest.xml:241:13
activity#cn.com.fooltech.smartparking.activity.PositionRecordActivity
ADDED from AndroidManifest.xml:243:9
	android:label
		ADDED from AndroidManifest.xml:245:13
	android:name
		ADDED from AndroidManifest.xml:244:13
activity#cn.com.fooltech.smartparking.activity.CarSearchActivity
ADDED from AndroidManifest.xml:246:9
	android:label
		ADDED from AndroidManifest.xml:248:13
	android:name
		ADDED from AndroidManifest.xml:247:13
activity#cn.com.fooltech.smartparking.activity.PositionAddActivity
ADDED from AndroidManifest.xml:249:9
	android:label
		ADDED from AndroidManifest.xml:251:13
	android:name
		ADDED from AndroidManifest.xml:250:13
activity#cn.com.fooltech.smartparking.activity.OfflineMapActivity
ADDED from AndroidManifest.xml:252:9
	android:label
		ADDED from AndroidManifest.xml:254:13
	android:name
		ADDED from AndroidManifest.xml:253:13
activity#cn.com.fooltech.smartparking.activity.ActivityDetailActivity
ADDED from AndroidManifest.xml:255:9
	android:label
		ADDED from AndroidManifest.xml:257:13
	android:name
		ADDED from AndroidManifest.xml:256:13
activity#cn.com.fooltech.smartparking.activity.VoiceActivity
ADDED from AndroidManifest.xml:258:9
	android:name
		ADDED from AndroidManifest.xml:258:19